The system is: Windows - 10.0.18363 - AMD64
Compiling the C compiler identification source file "CMakeCCompilerId.c" succeeded.
Compiler: D:/vs2019/应用/VC/Tools/MSVC/14.27.29110/bin/Hostx64/x64/cl.exe 
Build flags: 
Id flags:  

The output was:
0
用于 x64 的 Microsoft (R) C/C++ 优化编译器 19.27.29111 版
版权所有(C) Microsoft Corporation。保留所有权利。

CMakeCCompilerId.c
Microsoft (R) Incremental Linker Version 14.27.29111.0
Copyright (C) Microsoft Corporation.  All rights reserved.

/out:CMakeCCompilerId.exe 
CMakeCCompilerId.obj 


Compilation of the C compiler identification source "CMakeCCompilerId.c" produced "CMakeCCompilerId.exe"

Compilation of the C compiler identification source "CMakeCCompilerId.c" produced "CMakeCCompilerId.obj"

The C compiler identification is MSVC, found in "F:/研究生毕业设计/开发代码/robotask_ws/src/pibot_ros/ros_ws/src/pibot_msgs/out/build/x64-Debug (默认值)/CMakeFiles/3.17.20032601-MSVC_2/CompilerIdC/CMakeCCompilerId.exe"

Compiling the CXX compiler identification source file "CMakeCXXCompilerId.cpp" succeeded.
Compiler: D:/vs2019/应用/VC/Tools/MSVC/14.27.29110/bin/Hostx64/x64/cl.exe 
Build flags: 
Id flags:  

The output was:
0
用于 x64 的 Microsoft (R) C/C++ 优化编译器 19.27.29111 版
版权所有(C) Microsoft Corporation。保留所有权利。

CMakeCXXCompilerId.cpp
Microsoft (R) Incremental Linker Version 14.27.29111.0
Copyright (C) Microsoft Corporation.  All rights reserved.

/out:CMakeCXXCompilerId.exe 
CMakeCXXCompilerId.obj 


Compilation of the CXX compiler identification source "CMakeCXXCompilerId.cpp" produced "CMakeCXXCompilerId.exe"

Compilation of the CXX compiler identification source "CMakeCXXCompilerId.cpp" produced "CMakeCXXCompilerId.obj"

The CXX compiler identification is MSVC, found in "F:/研究生毕业设计/开发代码/robotask_ws/src/pibot_ros/ros_ws/src/pibot_msgs/out/build/x64-Debug (默认值)/CMakeFiles/3.17.20032601-MSVC_2/CompilerIdCXX/CMakeCXXCompilerId.exe"

Determining if the C compiler works passed with the following output:
Change Dir: F:/研究生毕业设计/开发代码/robotask_ws/src/pibot_ros/ros_ws/src/pibot_msgs/out/build/x64-Debug (默认值)/CMakeFiles/CMakeTmp

Run Build Command(s):D:\VS2019\应用\COMMON7\IDE\COMMONEXTENSIONS\MICROSOFT\CMAKE\Ninja\ninja.exe cmTC_9c541 && [1/2] Building C object CMakeFiles\cmTC_9c541.dir\testCCompiler.c.obj
[2/2] Linking C executable cmTC_9c541.exe



Detecting C compiler ABI info compiled with the following output:
Change Dir: F:/研究生毕业设计/开发代码/robotask_ws/src/pibot_ros/ros_ws/src/pibot_msgs/out/build/x64-Debug (默认值)/CMakeFiles/CMakeTmp

Run Build Command(s):D:\VS2019\应用\COMMON7\IDE\COMMONEXTENSIONS\MICROSOFT\CMAKE\Ninja\ninja.exe cmTC_90a4a && [1/2] Building C object CMakeFiles\cmTC_90a4a.dir\CMakeCCompilerABI.c.obj
[2/2] Linking C executable cmTC_90a4a.exe



Determining if the CXX compiler works passed with the following output:
Change Dir: F:/研究生毕业设计/开发代码/robotask_ws/src/pibot_ros/ros_ws/src/pibot_msgs/out/build/x64-Debug (默认值)/CMakeFiles/CMakeTmp

Run Build Command(s):D:\VS2019\应用\COMMON7\IDE\COMMONEXTENSIONS\MICROSOFT\CMAKE\Ninja\ninja.exe cmTC_ce3ac && [1/2] Building CXX object CMakeFiles\cmTC_ce3ac.dir\testCXXCompiler.cxx.obj
[2/2] Linking CXX executable cmTC_ce3ac.exe



Detecting CXX compiler ABI info compiled with the following output:
Change Dir: F:/研究生毕业设计/开发代码/robotask_ws/src/pibot_ros/ros_ws/src/pibot_msgs/out/build/x64-Debug (默认值)/CMakeFiles/CMakeTmp

Run Build Command(s):D:\VS2019\应用\COMMON7\IDE\COMMONEXTENSIONS\MICROSOFT\CMAKE\Ninja\ninja.exe cmTC_41160 && [1/2] Building CXX object CMakeFiles\cmTC_41160.dir\CMakeCXXCompilerABI.cpp.obj
[2/2] Linking CXX executable cmTC_41160.exe



