2025-03-28 13:14:18, INFO: Current git head hash code: %s
2025-03-28 13:14:19, INFO: Using device: cuda:0
2025-03-28 13:14:24, INFO: robot number: 8
2025-03-28 13:14:24, INFO: human number: 5
2025-03-28 13:14:24, INFO: Not randomize human's radius and preferred speed
2025-03-28 13:14:24, INFO: Training simulation: circle_crossing, test simulation: circle_crossing
2025-03-28 13:14:24, INFO: Square width: 10.0, circle width: 4.0
2025-03-28 13:14:24, INFO: Current learning rate: 0.010000
2025-03-28 15:22:30, INFO: TRAIN has success rate: 0.00, collision rate: 1.00, nav time: 35.00, total reward: -0.3346
2025-03-28 15:22:30, INFO: Training phase switched to: human_avoidance
2025-03-28 15:29:16, INFO: Finish imitation learning. Weights saved.
2025-03-28 15:29:16, INFO: Experience set size: 100000/100000
2025-03-28 15:29:16, INFO: Agent is visible and has holonomic kinematic constraint
2025-03-28 15:29:16, INFO: Agent is visible and has holonomic kinematic constraint
2025-03-28 15:29:16, INFO: Agent is visible and has holonomic kinematic constraint
2025-03-28 15:29:16, INFO: Agent is visible and has holonomic kinematic constraint
2025-03-28 15:29:16, INFO: Agent is visible and has holonomic kinematic constraint
2025-03-28 15:29:16, INFO: Agent is visible and has holonomic kinematic constraint
2025-03-28 15:29:16, INFO: Agent is visible and has holonomic kinematic constraint
2025-03-28 15:29:16, INFO: Agent is visible and has holonomic kinematic constraint
2025-03-28 15:29:16, INFO: Current learning rate: 0.001000
2025-03-28 16:08:39, INFO: VAL in episode 0 has success rate: 0.00, collision rate: 1.00, nav time: 35.00, total reward: -0.6849
2025-03-28 16:08:39, INFO: Frequency of being in danger: 0.00 and average min separate distance in danger: 0.00
2025-03-28 16:10:48, INFO: TRAIN in episode 0 has success rate: 0.00, collision rate: 1.00, nav time: 35.00, total reward: -4.3177
2025-03-28 16:10:48, INFO: Training phase switched to: human_avoidance
2025-03-28 16:14:41, INFO: TRAIN in episode 1 has success rate: 0.00, collision rate: 1.00, nav time: 35.00, total reward: -7.3380
2025-03-28 16:14:41, INFO: Training phase switched to: robot_avoidance
2025-03-28 16:16:25, INFO: TRAIN in episode 2 has success rate: 0.00, collision rate: 1.00, nav time: 35.00, total reward: -6.7563
2025-03-28 16:16:25, INFO: Training phase switched to: human_avoidance
2025-03-28 16:18:12, INFO: TRAIN in episode 3 has success rate: 0.00, collision rate: 1.00, nav time: 35.00, total reward: -5.6277
2025-03-28 16:18:12, INFO: Training phase switched to: human_avoidance
2025-03-28 16:20:52, INFO: TRAIN in episode 4 has success rate: 0.00, collision rate: 1.00, nav time: 35.00, total reward: -4.6407
2025-03-28 16:20:52, INFO: Training phase switched to: human_avoidance
2025-03-28 16:23:06, INFO: TRAIN in episode 5 has success rate: 0.00, collision rate: 1.00, nav time: 35.00, total reward: -4.6088
2025-03-28 16:23:06, INFO: Training phase switched to: human_avoidance
2025-03-28 16:25:40, INFO: TRAIN in episode 6 has success rate: 0.00, collision rate: 1.00, nav time: 35.00, total reward: -5.4803
2025-03-28 16:25:40, INFO: Training phase switched to: human_avoidance
2025-03-28 16:28:33, INFO: TRAIN in episode 7 has success rate: 0.00, collision rate: 1.00, nav time: 35.00, total reward: -5.9538
2025-03-28 16:28:33, INFO: Training phase switched to: human_avoidance
2025-03-28 16:30:18, INFO: TRAIN in episode 8 has success rate: 0.00, collision rate: 1.00, nav time: 35.00, total reward: -6.1552
2025-03-28 16:30:18, INFO: Training phase switched to: human_avoidance
2025-03-28 16:32:46, INFO: TRAIN in episode 9 has success rate: 0.00, collision rate: 1.00, nav time: 35.00, total reward: -5.1199
2025-03-28 16:32:46, INFO: Training phase switched to: human_avoidance
2025-03-28 16:34:37, INFO: TRAIN in episode 10 has success rate: 0.00, collision rate: 1.00, nav time: 35.00, total reward: -6.6020
2025-03-28 16:34:37, INFO: Training phase switched to: human_avoidance
2025-03-28 16:36:52, INFO: TRAIN in episode 11 has success rate: 0.00, collision rate: 1.00, nav time: 35.00, total reward: -5.6869
2025-03-28 16:36:52, INFO: Training phase switched to: human_avoidance
2025-03-28 16:39:01, INFO: TRAIN in episode 12 has success rate: 0.00, collision rate: 1.00, nav time: 35.00, total reward: -6.2490
2025-03-28 16:39:01, INFO: Training phase switched to: human_avoidance
2025-03-28 16:41:18, INFO: TRAIN in episode 13 has success rate: 0.00, collision rate: 1.00, nav time: 35.00, total reward: -4.6673
2025-03-28 16:41:18, INFO: Training phase switched to: human_avoidance
2025-03-28 16:44:00, INFO: TRAIN in episode 14 has success rate: 0.00, collision rate: 1.00, nav time: 35.00, total reward: -5.4901
2025-03-28 16:44:00, INFO: Training phase switched to: human_avoidance
2025-03-28 16:47:34, INFO: TRAIN in episode 15 has success rate: 0.00, collision rate: 1.00, nav time: 35.00, total reward: -4.6215
2025-03-28 16:47:34, INFO: Training phase switched to: robot_avoidance
2025-03-28 16:49:16, INFO: TRAIN in episode 16 has success rate: 0.00, collision rate: 1.00, nav time: 35.00, total reward: -6.3372
2025-03-28 16:49:16, INFO: Training phase switched to: human_avoidance
2025-03-28 16:51:19, INFO: TRAIN in episode 17 has success rate: 0.00, collision rate: 1.00, nav time: 35.00, total reward: -6.8045
2025-03-28 16:51:19, INFO: Training phase switched to: human_avoidance
2025-03-28 16:52:50, INFO: TRAIN in episode 18 has success rate: 0.00, collision rate: 1.00, nav time: 35.00, total reward: -5.4194
2025-03-28 16:52:50, INFO: Training phase switched to: human_avoidance
2025-03-28 16:54:15, INFO: TRAIN in episode 19 has success rate: 0.00, collision rate: 1.00, nav time: 35.00, total reward: -4.6797
2025-03-28 16:54:15, INFO: Training phase switched to: human_avoidance
2025-03-28 16:56:03, INFO: TRAIN in episode 20 has success rate: 0.00, collision rate: 1.00, nav time: 35.00, total reward: -5.5968
2025-03-28 16:56:03, INFO: Training phase switched to: human_avoidance
2025-03-28 16:58:33, INFO: TRAIN in episode 21 has success rate: 0.00, collision rate: 1.00, nav time: 35.00, total reward: -6.8292
2025-03-28 16:58:33, INFO: Training phase switched to: human_avoidance
2025-03-28 17:01:28, INFO: TRAIN in episode 22 has success rate: 0.00, collision rate: 1.00, nav time: 35.00, total reward: -5.0730
2025-03-28 17:01:28, INFO: Training phase switched to: human_avoidance
2025-03-28 17:03:15, INFO: TRAIN in episode 23 has success rate: 0.00, collision rate: 1.00, nav time: 35.00, total reward: -5.5578
2025-03-28 17:03:15, INFO: Training phase switched to: human_avoidance
2025-03-28 17:05:37, INFO: TRAIN in episode 24 has success rate: 0.00, collision rate: 1.00, nav time: 35.00, total reward: -5.8073
2025-03-28 17:05:37, INFO: Training phase switched to: human_avoidance
2025-03-28 17:07:19, INFO: TRAIN in episode 25 has success rate: 0.00, collision rate: 1.00, nav time: 35.00, total reward: -6.0709
2025-03-28 17:07:19, INFO: Training phase switched to: human_avoidance
2025-03-28 17:08:50, INFO: TRAIN in episode 26 has success rate: 0.00, collision rate: 1.00, nav time: 35.00, total reward: -4.2954
2025-03-28 17:08:50, INFO: Training phase switched to: human_avoidance
2025-03-28 17:10:22, INFO: TRAIN in episode 27 has success rate: 0.00, collision rate: 1.00, nav time: 35.00, total reward: -5.3583
2025-03-28 17:10:22, INFO: Training phase switched to: human_avoidance
2025-03-28 17:12:50, INFO: TRAIN in episode 28 has success rate: 0.00, collision rate: 1.00, nav time: 35.00, total reward: -6.2756
2025-03-28 17:12:50, INFO: Training phase switched to: human_avoidance
2025-03-28 17:14:58, INFO: TRAIN in episode 29 has success rate: 0.00, collision rate: 1.00, nav time: 35.00, total reward: -5.0564
2025-03-28 17:14:58, INFO: Training phase switched to: human_avoidance
2025-03-28 17:16:56, INFO: TRAIN in episode 30 has success rate: 0.00, collision rate: 1.00, nav time: 35.00, total reward: -5.6793
2025-03-28 17:16:56, INFO: Training phase switched to: human_avoidance
2025-03-28 17:19:29, INFO: TRAIN in episode 31 has success rate: 0.00, collision rate: 1.00, nav time: 35.00, total reward: -5.5111
2025-03-28 17:19:29, INFO: Training phase switched to: human_avoidance
2025-03-28 17:21:56, INFO: TRAIN in episode 32 has success rate: 0.00, collision rate: 1.00, nav time: 35.00, total reward: -5.9216
2025-03-28 17:21:56, INFO: Training phase switched to: human_avoidance
2025-03-28 17:23:57, INFO: TRAIN in episode 33 has success rate: 0.00, collision rate: 1.00, nav time: 35.00, total reward: -6.9186
2025-03-28 17:23:57, INFO: Training phase switched to: human_avoidance
2025-03-28 17:25:20, INFO: TRAIN in episode 34 has success rate: 0.00, collision rate: 1.00, nav time: 35.00, total reward: -6.7869
2025-03-28 17:25:20, INFO: Training phase switched to: human_avoidance
2025-03-28 17:28:13, INFO: TRAIN in episode 35 has success rate: 0.00, collision rate: 1.00, nav time: 35.00, total reward: -6.6304
2025-03-28 17:28:13, INFO: Training phase switched to: human_avoidance
2025-03-28 17:31:16, INFO: TRAIN in episode 36 has success rate: 0.00, collision rate: 1.00, nav time: 35.00, total reward: -4.0299
2025-03-28 17:31:16, INFO: Training phase switched to: human_avoidance
2025-03-28 17:32:21, INFO: TRAIN in episode 37 has success rate: 0.00, collision rate: 1.00, nav time: 35.00, total reward: -5.7869
2025-03-28 17:32:21, INFO: Training phase switched to: human_avoidance
2025-03-28 17:36:23, INFO: TRAIN in episode 38 has success rate: 0.00, collision rate: 1.00, nav time: 35.00, total reward: -5.5428
2025-03-28 17:36:23, INFO: Training phase switched to: robot_avoidance
2025-03-28 17:38:03, INFO: TRAIN in episode 39 has success rate: 0.00, collision rate: 1.00, nav time: 35.00, total reward: -6.7649
2025-03-28 17:38:03, INFO: Training phase switched to: human_avoidance
2025-03-28 17:40:12, INFO: TRAIN in episode 40 has success rate: 0.00, collision rate: 1.00, nav time: 35.00, total reward: -6.7459
2025-03-28 17:40:12, INFO: Training phase switched to: human_avoidance
2025-03-28 17:41:51, INFO: TRAIN in episode 41 has success rate: 0.00, collision rate: 1.00, nav time: 35.00, total reward: -6.3695
2025-03-28 17:41:51, INFO: Training phase switched to: human_avoidance
2025-03-28 17:43:22, INFO: TRAIN in episode 42 has success rate: 0.00, collision rate: 1.00, nav time: 35.00, total reward: -5.1615
2025-03-28 17:43:22, INFO: Training phase switched to: human_avoidance
2025-03-28 17:46:13, INFO: TRAIN in episode 43 has success rate: 0.00, collision rate: 1.00, nav time: 35.00, total reward: -4.7289
2025-03-28 17:46:13, INFO: Training phase switched to: human_avoidance
2025-03-28 17:48:24, INFO: TRAIN in episode 44 has success rate: 0.00, collision rate: 1.00, nav time: 35.00, total reward: -5.8307
2025-03-28 17:48:24, INFO: Training phase switched to: human_avoidance
2025-03-28 17:50:34, INFO: TRAIN in episode 45 has success rate: 0.00, collision rate: 1.00, nav time: 35.00, total reward: -5.4267
2025-03-28 17:50:34, INFO: Training phase switched to: human_avoidance
2025-03-28 17:52:46, INFO: TRAIN in episode 46 has success rate: 0.00, collision rate: 1.00, nav time: 35.00, total reward: -5.4853
2025-03-28 17:52:46, INFO: Training phase switched to: human_avoidance
2025-03-28 17:54:52, INFO: TRAIN in episode 47 has success rate: 0.00, collision rate: 1.00, nav time: 35.00, total reward: -5.6109
2025-03-28 17:54:52, INFO: Training phase switched to: human_avoidance
2025-03-28 17:58:49, INFO: TRAIN in episode 48 has success rate: 0.00, collision rate: 1.00, nav time: 35.00, total reward: -5.7563
2025-03-28 17:58:49, INFO: Training phase switched to: human_avoidance
2025-03-28 18:01:21, INFO: TRAIN in episode 49 has success rate: 0.00, collision rate: 1.00, nav time: 35.00, total reward: -6.2032
2025-03-28 18:01:21, INFO: Training phase switched to: human_avoidance
2025-03-28 18:03:11, INFO: TRAIN in episode 50 has success rate: 0.00, collision rate: 1.00, nav time: 35.00, total reward: -7.0960
2025-03-28 18:03:11, INFO: Training phase switched to: human_avoidance
2025-03-28 18:04:22, INFO: TRAIN in episode 51 has success rate: 0.00, collision rate: 1.00, nav time: 35.00, total reward: -5.8350
2025-03-28 18:04:22, INFO: Training phase switched to: human_avoidance
2025-03-28 18:06:31, INFO: TRAIN in episode 52 has success rate: 0.00, collision rate: 1.00, nav time: 35.00, total reward: -3.5091
2025-03-28 18:06:31, INFO: Training phase switched to: human_avoidance
2025-03-28 18:08:42, INFO: TRAIN in episode 53 has success rate: 0.00, collision rate: 1.00, nav time: 35.00, total reward: -5.7761
2025-03-28 18:08:42, INFO: Training phase switched to: human_avoidance
2025-03-28 18:11:05, INFO: TRAIN in episode 54 has success rate: 0.00, collision rate: 1.00, nav time: 35.00, total reward: -5.8380
2025-03-28 18:11:05, INFO: Training phase switched to: human_avoidance
2025-03-28 18:13:20, INFO: TRAIN in episode 55 has success rate: 0.00, collision rate: 1.00, nav time: 35.00, total reward: -4.9218
2025-03-28 18:13:20, INFO: Training phase switched to: human_avoidance
2025-03-28 18:14:56, INFO: TRAIN in episode 56 has success rate: 0.00, collision rate: 1.00, nav time: 35.00, total reward: -5.1673
2025-03-28 18:14:56, INFO: Training phase switched to: human_avoidance
2025-03-28 18:18:33, INFO: TRAIN in episode 57 has success rate: 0.00, collision rate: 1.00, nav time: 35.00, total reward: -5.7027
2025-03-28 18:18:33, INFO: Training phase switched to: robot_avoidance
2025-03-28 18:20:05, INFO: TRAIN in episode 58 has success rate: 0.00, collision rate: 1.00, nav time: 35.00, total reward: -6.9073
2025-03-28 18:20:05, INFO: Training phase switched to: human_avoidance
2025-03-28 18:22:29, INFO: TRAIN in episode 59 has success rate: 0.00, collision rate: 1.00, nav time: 35.00, total reward: -5.3538
2025-03-28 18:22:29, INFO: Training phase switched to: human_avoidance
2025-03-28 18:23:57, INFO: TRAIN in episode 60 has success rate: 0.00, collision rate: 1.00, nav time: 35.00, total reward: -5.5836
2025-03-28 18:23:57, INFO: Training phase switched to: human_avoidance
2025-03-28 18:25:27, INFO: TRAIN in episode 61 has success rate: 0.00, collision rate: 1.00, nav time: 35.00, total reward: -5.3773
2025-03-28 18:25:27, INFO: Training phase switched to: human_avoidance
2025-03-28 18:29:00, INFO: TRAIN in episode 62 has success rate: 0.00, collision rate: 1.00, nav time: 35.00, total reward: -6.2178
2025-03-28 18:29:00, INFO: Training phase switched to: robot_avoidance
2025-03-28 18:31:05, INFO: TRAIN in episode 63 has success rate: 0.00, collision rate: 1.00, nav time: 35.00, total reward: -6.3582
2025-03-28 18:31:05, INFO: Training phase switched to: human_avoidance
2025-03-28 18:33:37, INFO: TRAIN in episode 64 has success rate: 0.00, collision rate: 1.00, nav time: 35.00, total reward: -5.7601
2025-03-28 18:33:37, INFO: Training phase switched to: human_avoidance
2025-03-28 18:35:58, INFO: TRAIN in episode 65 has success rate: 0.00, collision rate: 1.00, nav time: 35.00, total reward: -5.9741
2025-03-28 18:35:58, INFO: Training phase switched to: human_avoidance
2025-03-28 18:37:24, INFO: TRAIN in episode 66 has success rate: 0.00, collision rate: 1.00, nav time: 35.00, total reward: -5.0023
2025-03-28 18:37:24, INFO: Training phase switched to: human_avoidance
2025-03-28 18:39:44, INFO: TRAIN in episode 67 has success rate: 0.00, collision rate: 1.00, nav time: 35.00, total reward: -3.8576
2025-03-28 18:39:44, INFO: Training phase switched to: human_avoidance
2025-03-28 18:42:04, INFO: TRAIN in episode 68 has success rate: 0.00, collision rate: 1.00, nav time: 35.00, total reward: -5.6589
2025-03-28 18:42:04, INFO: Training phase switched to: human_avoidance
2025-03-28 18:44:12, INFO: TRAIN in episode 69 has success rate: 0.00, collision rate: 1.00, nav time: 35.00, total reward: -5.3537
2025-03-28 18:44:12, INFO: Training phase switched to: human_avoidance
2025-03-28 18:45:46, INFO: TRAIN in episode 70 has success rate: 0.00, collision rate: 1.00, nav time: 35.00, total reward: -5.6176
2025-03-28 18:45:46, INFO: Training phase switched to: human_avoidance
2025-03-28 18:48:51, INFO: TRAIN in episode 71 has success rate: 0.00, collision rate: 1.00, nav time: 35.00, total reward: -6.7722
2025-03-28 18:48:52, INFO: Training phase switched to: human_avoidance
2025-03-28 18:51:24, INFO: TRAIN in episode 72 has success rate: 0.00, collision rate: 1.00, nav time: 35.00, total reward: -4.8384
2025-03-28 18:51:24, INFO: Training phase switched to: human_avoidance
2025-03-28 18:53:27, INFO: TRAIN in episode 73 has success rate: 0.00, collision rate: 1.00, nav time: 35.00, total reward: -6.6934
2025-03-28 18:53:27, INFO: Training phase switched to: human_avoidance
2025-03-28 18:57:10, INFO: TRAIN in episode 74 has success rate: 0.00, collision rate: 1.00, nav time: 35.00, total reward: -5.5092
2025-03-28 18:57:10, INFO: Training phase switched to: robot_avoidance
2025-03-28 19:00:01, INFO: TRAIN in episode 75 has success rate: 0.00, collision rate: 1.00, nav time: 35.00, total reward: -5.8278
2025-03-28 19:00:01, INFO: Training phase switched to: human_avoidance
2025-03-28 19:01:34, INFO: TRAIN in episode 76 has success rate: 0.00, collision rate: 1.00, nav time: 35.00, total reward: -7.1146
2025-03-28 19:01:34, INFO: Training phase switched to: human_avoidance
2025-03-28 19:04:28, INFO: TRAIN in episode 77 has success rate: 0.00, collision rate: 1.00, nav time: 35.00, total reward: -5.3708
2025-03-28 19:04:28, INFO: Training phase switched to: human_avoidance
2025-03-28 19:07:07, INFO: TRAIN in episode 78 has success rate: 0.00, collision rate: 1.00, nav time: 35.00, total reward: -5.5456
2025-03-28 19:07:07, INFO: Training phase switched to: human_avoidance
2025-03-28 19:08:56, INFO: TRAIN in episode 79 has success rate: 0.00, collision rate: 1.00, nav time: 35.00, total reward: -5.3527
2025-03-28 19:08:56, INFO: Training phase switched to: human_avoidance
2025-03-28 19:11:39, INFO: TRAIN in episode 80 has success rate: 0.00, collision rate: 1.00, nav time: 35.00, total reward: -6.9746
2025-03-28 19:11:39, INFO: Training phase switched to: human_avoidance
2025-03-28 19:14:03, INFO: TRAIN in episode 81 has success rate: 0.00, collision rate: 1.00, nav time: 35.00, total reward: -5.6030
2025-03-28 19:14:03, INFO: Training phase switched to: human_avoidance
2025-03-28 19:15:38, INFO: TRAIN in episode 82 has success rate: 0.00, collision rate: 1.00, nav time: 35.00, total reward: -6.3560
2025-03-28 19:15:38, INFO: Training phase switched to: human_avoidance
2025-03-28 19:18:15, INFO: TRAIN in episode 83 has success rate: 0.00, collision rate: 1.00, nav time: 35.00, total reward: -5.3769
2025-03-28 19:18:15, INFO: Training phase switched to: human_avoidance
2025-03-28 19:19:50, INFO: TRAIN in episode 84 has success rate: 0.00, collision rate: 1.00, nav time: 35.00, total reward: -6.0767
2025-03-28 19:19:50, INFO: Training phase switched to: human_avoidance
2025-03-28 19:22:07, INFO: TRAIN in episode 85 has success rate: 0.00, collision rate: 1.00, nav time: 35.00, total reward: -4.7624
2025-03-28 19:22:07, INFO: Training phase switched to: human_avoidance
2025-03-28 19:25:13, INFO: TRAIN in episode 86 has success rate: 0.00, collision rate: 1.00, nav time: 35.00, total reward: -4.9028
2025-03-28 19:25:13, INFO: Training phase switched to: human_avoidance
2025-03-28 19:28:18, INFO: TRAIN in episode 87 has success rate: 0.00, collision rate: 1.00, nav time: 35.00, total reward: -5.4373
2025-03-28 19:28:18, INFO: Training phase switched to: human_avoidance
2025-03-28 19:30:31, INFO: TRAIN in episode 88 has success rate: 0.00, collision rate: 1.00, nav time: 35.00, total reward: -6.2211
2025-03-28 19:30:31, INFO: Training phase switched to: human_avoidance
2025-03-28 19:33:02, INFO: TRAIN in episode 89 has success rate: 0.00, collision rate: 1.00, nav time: 35.00, total reward: -5.9457
2025-03-28 19:33:02, INFO: Training phase switched to: human_avoidance
2025-03-28 19:35:06, INFO: TRAIN in episode 90 has success rate: 0.00, collision rate: 1.00, nav time: 35.00, total reward: -4.0322
2025-03-28 19:35:06, INFO: Training phase switched to: human_avoidance
2025-03-28 19:37:02, INFO: TRAIN in episode 91 has success rate: 0.00, collision rate: 1.00, nav time: 35.00, total reward: -7.4276
2025-03-28 19:37:02, INFO: Training phase switched to: human_avoidance
2025-03-28 19:39:54, INFO: TRAIN in episode 92 has success rate: 0.00, collision rate: 1.00, nav time: 35.00, total reward: -5.1255
2025-03-28 19:39:54, INFO: Training phase switched to: human_avoidance
2025-03-28 19:41:39, INFO: TRAIN in episode 93 has success rate: 0.00, collision rate: 1.00, nav time: 35.00, total reward: -4.9626
2025-03-28 19:41:39, INFO: Training phase switched to: human_avoidance
2025-03-28 19:43:49, INFO: TRAIN in episode 94 has success rate: 0.00, collision rate: 1.00, nav time: 35.00, total reward: -6.1337
2025-03-28 19:43:49, INFO: Training phase switched to: human_avoidance
2025-03-28 19:47:54, INFO: TRAIN in episode 95 has success rate: 0.00, collision rate: 1.00, nav time: 35.00, total reward: -4.9458
2025-03-28 19:47:54, INFO: Training phase switched to: robot_avoidance
2025-03-28 19:50:19, INFO: TRAIN in episode 96 has success rate: 0.00, collision rate: 1.00, nav time: 35.00, total reward: -6.9548
2025-03-28 19:50:19, INFO: Training phase switched to: human_avoidance
2025-03-28 19:52:29, INFO: TRAIN in episode 97 has success rate: 0.00, collision rate: 1.00, nav time: 35.00, total reward: -5.8618
2025-03-28 19:52:29, INFO: Training phase switched to: human_avoidance
2025-03-28 19:54:58, INFO: TRAIN in episode 98 has success rate: 0.00, collision rate: 1.00, nav time: 35.00, total reward: -7.3134
2025-03-28 19:54:58, INFO: Training phase switched to: human_avoidance
2025-03-28 19:57:13, INFO: TRAIN in episode 99 has success rate: 0.00, collision rate: 1.00, nav time: 35.00, total reward: -5.8651
2025-03-28 19:57:13, INFO: Training phase switched to: human_avoidance
2025-03-28 19:59:40, INFO: TRAIN in episode 100 has success rate: 0.00, collision rate: 1.00, nav time: 35.00, total reward: -6.7502
2025-03-28 19:59:40, INFO: Training phase switched to: human_avoidance
2025-03-28 20:01:13, INFO: TRAIN in episode 101 has success rate: 0.00, collision rate: 1.00, nav time: 35.00, total reward: -5.0747
2025-03-28 20:01:13, INFO: Training phase switched to: human_avoidance
2025-03-28 20:04:07, INFO: TRAIN in episode 102 has success rate: 0.00, collision rate: 1.00, nav time: 35.00, total reward: -5.6373
2025-03-28 20:04:07, INFO: Training phase switched to: human_avoidance
2025-03-28 20:07:53, INFO: TRAIN in episode 103 has success rate: 0.00, collision rate: 1.00, nav time: 35.00, total reward: -6.3538
2025-03-28 20:07:53, INFO: Training phase switched to: human_avoidance
2025-03-28 20:10:26, INFO: TRAIN in episode 104 has success rate: 0.00, collision rate: 1.00, nav time: 35.00, total reward: -4.9798
2025-03-28 20:10:26, INFO: Training phase switched to: human_avoidance
2025-03-28 20:12:06, INFO: TRAIN in episode 105 has success rate: 0.00, collision rate: 1.00, nav time: 35.00, total reward: -7.1043
2025-03-28 20:12:06, INFO: Training phase switched to: human_avoidance
2025-03-28 20:16:44, INFO: TRAIN in episode 106 has success rate: 0.00, collision rate: 1.00, nav time: 35.00, total reward: -6.1302
2025-03-28 20:16:44, INFO: Training phase switched to: robot_avoidance
2025-03-28 20:18:57, INFO: TRAIN in episode 107 has success rate: 0.00, collision rate: 1.00, nav time: 35.00, total reward: -7.4164
2025-03-28 20:18:57, INFO: Training phase switched to: human_avoidance
2025-03-28 20:21:10, INFO: TRAIN in episode 108 has success rate: 0.00, collision rate: 1.00, nav time: 35.00, total reward: -7.3046
2025-03-28 20:21:10, INFO: Training phase switched to: human_avoidance
2025-03-28 20:23:52, INFO: TRAIN in episode 109 has success rate: 0.00, collision rate: 1.00, nav time: 35.00, total reward: -5.7285
2025-03-28 20:23:52, INFO: Training phase switched to: human_avoidance
2025-03-28 20:26:19, INFO: TRAIN in episode 110 has success rate: 0.00, collision rate: 1.00, nav time: 35.00, total reward: -6.9998
2025-03-28 20:26:19, INFO: Training phase switched to: human_avoidance
2025-03-28 20:27:54, INFO: TRAIN in episode 111 has success rate: 0.00, collision rate: 1.00, nav time: 35.00, total reward: -6.0794
2025-03-28 20:27:54, INFO: Training phase switched to: human_avoidance
2025-03-28 20:30:23, INFO: TRAIN in episode 112 has success rate: 0.00, collision rate: 1.00, nav time: 35.00, total reward: -5.4099
2025-03-28 20:30:23, INFO: Training phase switched to: human_avoidance
2025-03-28 20:32:26, INFO: TRAIN in episode 113 has success rate: 0.00, collision rate: 1.00, nav time: 35.00, total reward: -5.2439
2025-03-28 20:32:26, INFO: Training phase switched to: human_avoidance
2025-03-28 20:36:32, INFO: TRAIN in episode 114 has success rate: 0.00, collision rate: 1.00, nav time: 35.00, total reward: -7.0914
2025-03-28 20:36:32, INFO: Training phase switched to: robot_avoidance
2025-03-28 20:39:32, INFO: TRAIN in episode 115 has success rate: 0.00, collision rate: 1.00, nav time: 35.00, total reward: -6.8597
2025-03-28 20:39:32, INFO: Training phase switched to: human_avoidance
2025-03-28 20:42:32, INFO: TRAIN in episode 116 has success rate: 0.00, collision rate: 1.00, nav time: 35.00, total reward: -5.3928
2025-03-28 20:42:32, INFO: Training phase switched to: human_avoidance
2025-03-28 20:45:10, INFO: TRAIN in episode 117 has success rate: 0.00, collision rate: 1.00, nav time: 35.00, total reward: -6.7422
2025-03-28 20:45:10, INFO: Training phase switched to: human_avoidance
2025-03-28 20:46:57, INFO: TRAIN in episode 118 has success rate: 0.00, collision rate: 1.00, nav time: 35.00, total reward: -4.8265
2025-03-28 20:46:57, INFO: Training phase switched to: human_avoidance
2025-03-28 20:49:05, INFO: TRAIN in episode 119 has success rate: 0.00, collision rate: 1.00, nav time: 35.00, total reward: -5.6992
2025-03-28 20:49:05, INFO: Training phase switched to: human_avoidance
2025-03-28 20:52:08, INFO: TRAIN in episode 120 has success rate: 0.00, collision rate: 1.00, nav time: 35.00, total reward: -4.9078
2025-03-28 20:52:08, INFO: Training phase switched to: human_avoidance
2025-03-28 20:53:53, INFO: TRAIN in episode 121 has success rate: 0.00, collision rate: 1.00, nav time: 35.00, total reward: -5.1370
2025-03-28 20:53:53, INFO: Training phase switched to: human_avoidance
2025-03-28 20:56:52, INFO: TRAIN in episode 122 has success rate: 0.00, collision rate: 1.00, nav time: 35.00, total reward: -4.6681
2025-03-28 20:56:52, INFO: Training phase switched to: human_avoidance
2025-03-28 20:59:07, INFO: TRAIN in episode 123 has success rate: 0.00, collision rate: 1.00, nav time: 35.00, total reward: -5.1411
2025-03-28 20:59:07, INFO: Training phase switched to: human_avoidance
2025-03-28 21:00:38, INFO: TRAIN in episode 124 has success rate: 0.00, collision rate: 1.00, nav time: 35.00, total reward: -6.3076
2025-03-28 21:00:38, INFO: Training phase switched to: human_avoidance
2025-03-28 21:03:08, INFO: TRAIN in episode 125 has success rate: 0.00, collision rate: 1.00, nav time: 35.00, total reward: -4.6077
2025-03-28 21:03:08, INFO: Training phase switched to: human_avoidance
2025-03-28 21:06:13, INFO: TRAIN in episode 126 has success rate: 0.00, collision rate: 1.00, nav time: 35.00, total reward: -6.6100
2025-03-28 21:06:13, INFO: Training phase switched to: human_avoidance
2025-03-28 21:08:45, INFO: TRAIN in episode 127 has success rate: 0.00, collision rate: 1.00, nav time: 35.00, total reward: -5.3677
2025-03-28 21:08:45, INFO: Training phase switched to: human_avoidance
2025-03-28 21:12:34, INFO: TRAIN in episode 128 has success rate: 0.00, collision rate: 1.00, nav time: 35.00, total reward: -6.4683
2025-03-28 21:12:34, INFO: Training phase switched to: robot_avoidance
2025-03-28 21:14:27, INFO: TRAIN in episode 129 has success rate: 0.00, collision rate: 1.00, nav time: 35.00, total reward: -7.5198
2025-03-28 21:14:27, INFO: Training phase switched to: human_avoidance
2025-03-28 21:16:20, INFO: TRAIN in episode 130 has success rate: 0.00, collision rate: 1.00, nav time: 35.00, total reward: -5.9755
2025-03-28 21:16:20, INFO: Training phase switched to: human_avoidance
2025-03-28 21:19:01, INFO: TRAIN in episode 131 has success rate: 0.00, collision rate: 1.00, nav time: 35.00, total reward: -4.4758
2025-03-28 21:19:01, INFO: Training phase switched to: human_avoidance
2025-03-28 21:21:21, INFO: TRAIN in episode 132 has success rate: 0.00, collision rate: 1.00, nav time: 35.00, total reward: -5.6128
2025-03-28 21:21:21, INFO: Training phase switched to: human_avoidance
2025-03-28 21:22:57, INFO: TRAIN in episode 133 has success rate: 0.00, collision rate: 1.00, nav time: 35.00, total reward: -4.9420
2025-03-28 21:22:57, INFO: Training phase switched to: human_avoidance
2025-03-28 21:24:58, INFO: TRAIN in episode 134 has success rate: 0.00, collision rate: 1.00, nav time: 35.00, total reward: -5.1880
2025-03-28 21:24:58, INFO: Training phase switched to: human_avoidance
2025-03-28 21:28:16, INFO: TRAIN in episode 135 has success rate: 0.00, collision rate: 1.00, nav time: 35.00, total reward: -6.0028
2025-03-28 21:28:16, INFO: Training phase switched to: human_avoidance
2025-03-28 21:30:24, INFO: TRAIN in episode 136 has success rate: 0.00, collision rate: 1.00, nav time: 35.00, total reward: -5.5193
2025-03-28 21:30:24, INFO: Training phase switched to: human_avoidance
2025-03-28 21:34:15, INFO: TRAIN in episode 137 has success rate: 0.00, collision rate: 1.00, nav time: 35.00, total reward: -4.8084
2025-03-28 21:34:15, INFO: Training phase switched to: human_avoidance
2025-03-28 21:36:30, INFO: TRAIN in episode 138 has success rate: 0.00, collision rate: 1.00, nav time: 35.00, total reward: -5.0914
2025-03-28 21:36:30, INFO: Training phase switched to: human_avoidance
2025-03-28 21:39:49, INFO: TRAIN in episode 139 has success rate: 0.00, collision rate: 1.00, nav time: 35.00, total reward: -5.2904
2025-03-28 21:39:49, INFO: Training phase switched to: human_avoidance
2025-03-28 21:41:40, INFO: TRAIN in episode 140 has success rate: 0.00, collision rate: 1.00, nav time: 35.00, total reward: -6.0049
2025-03-28 21:41:40, INFO: Training phase switched to: human_avoidance
2025-03-28 21:44:36, INFO: TRAIN in episode 141 has success rate: 0.00, collision rate: 1.00, nav time: 35.00, total reward: -6.4400
2025-03-28 21:44:36, INFO: Training phase switched to: human_avoidance
2025-03-28 21:47:18, INFO: TRAIN in episode 142 has success rate: 0.00, collision rate: 1.00, nav time: 35.00, total reward: -6.6007
2025-03-28 21:47:18, INFO: Training phase switched to: human_avoidance
2025-03-28 21:49:11, INFO: TRAIN in episode 143 has success rate: 0.00, collision rate: 1.00, nav time: 35.00, total reward: -5.4759
2025-03-28 21:49:11, INFO: Training phase switched to: human_avoidance
2025-03-28 21:51:13, INFO: TRAIN in episode 144 has success rate: 0.00, collision rate: 1.00, nav time: 35.00, total reward: -5.7400
2025-03-28 21:51:13, INFO: Training phase switched to: human_avoidance
2025-03-28 21:54:05, INFO: TRAIN in episode 145 has success rate: 0.00, collision rate: 1.00, nav time: 35.00, total reward: -5.2630
2025-03-28 21:54:05, INFO: Training phase switched to: human_avoidance
2025-03-28 21:56:40, INFO: TRAIN in episode 146 has success rate: 0.00, collision rate: 1.00, nav time: 35.00, total reward: -5.4554
2025-03-28 21:56:40, INFO: Training phase switched to: human_avoidance
2025-03-28 21:59:50, INFO: TRAIN in episode 147 has success rate: 0.00, collision rate: 1.00, nav time: 35.00, total reward: -6.8916
2025-03-28 21:59:50, INFO: Training phase switched to: human_avoidance
2025-03-28 22:01:55, INFO: TRAIN in episode 148 has success rate: 0.00, collision rate: 1.00, nav time: 35.00, total reward: -5.8883
2025-03-28 22:01:55, INFO: Training phase switched to: human_avoidance
2025-03-28 22:05:44, INFO: TRAIN in episode 149 has success rate: 0.00, collision rate: 1.00, nav time: 35.00, total reward: -5.8235
2025-03-28 22:05:44, INFO: Training phase switched to: human_avoidance
2025-03-28 22:08:18, INFO: TRAIN in episode 150 has success rate: 0.00, collision rate: 1.00, nav time: 35.00, total reward: -5.7599
2025-03-28 22:08:18, INFO: Training phase switched to: human_avoidance
2025-03-28 22:13:03, INFO: TRAIN in episode 151 has success rate: 0.00, collision rate: 1.00, nav time: 35.00, total reward: -6.6993
2025-03-28 22:13:03, INFO: Training phase switched to: robot_avoidance
2025-03-28 22:15:45, INFO: TRAIN in episode 152 has success rate: 0.00, collision rate: 1.00, nav time: 35.00, total reward: -7.8269
2025-03-28 22:15:45, INFO: Training phase switched to: human_avoidance
2025-03-28 22:17:49, INFO: TRAIN in episode 153 has success rate: 0.00, collision rate: 1.00, nav time: 35.00, total reward: -5.4684
2025-03-28 22:17:49, INFO: Training phase switched to: human_avoidance
2025-03-28 22:21:04, INFO: TRAIN in episode 154 has success rate: 0.00, collision rate: 1.00, nav time: 35.00, total reward: -6.0705
2025-03-28 22:21:04, INFO: Training phase switched to: human_avoidance
2025-03-28 22:24:47, INFO: TRAIN in episode 155 has success rate: 0.00, collision rate: 1.00, nav time: 35.00, total reward: -5.3030
2025-03-28 22:24:47, INFO: Training phase switched to: human_avoidance
2025-03-28 22:26:53, INFO: TRAIN in episode 156 has success rate: 0.00, collision rate: 1.00, nav time: 35.00, total reward: -5.8737
2025-03-28 22:26:53, INFO: Training phase switched to: human_avoidance
2025-03-28 22:31:42, INFO: TRAIN in episode 157 has success rate: 0.00, collision rate: 1.00, nav time: 35.00, total reward: -3.8197
2025-03-28 22:31:42, INFO: Training phase switched to: robot_avoidance
2025-03-28 22:34:42, INFO: TRAIN in episode 158 has success rate: 0.00, collision rate: 1.00, nav time: 35.00, total reward: -6.8060
2025-03-28 22:34:42, INFO: Training phase switched to: human_avoidance
2025-03-28 22:37:42, INFO: TRAIN in episode 159 has success rate: 0.00, collision rate: 1.00, nav time: 35.00, total reward: -6.3336
2025-03-28 22:37:42, INFO: Training phase switched to: human_avoidance
2025-03-28 22:39:49, INFO: TRAIN in episode 160 has success rate: 0.00, collision rate: 1.00, nav time: 35.00, total reward: -4.9240
2025-03-28 22:39:49, INFO: Training phase switched to: human_avoidance
2025-03-28 22:43:03, INFO: TRAIN in episode 161 has success rate: 0.00, collision rate: 1.00, nav time: 35.00, total reward: -5.1545
2025-03-28 22:43:03, INFO: Training phase switched to: human_avoidance
2025-03-28 22:44:42, INFO: TRAIN in episode 162 has success rate: 0.00, collision rate: 1.00, nav time: 35.00, total reward: -7.1434
2025-03-28 22:44:42, INFO: Training phase switched to: human_avoidance
2025-03-28 22:46:51, INFO: TRAIN in episode 163 has success rate: 0.00, collision rate: 1.00, nav time: 35.00, total reward: -4.9108
2025-03-28 22:46:51, INFO: Training phase switched to: human_avoidance
2025-03-28 22:48:37, INFO: TRAIN in episode 164 has success rate: 0.00, collision rate: 1.00, nav time: 35.00, total reward: -5.6495
2025-03-28 22:48:37, INFO: Training phase switched to: human_avoidance
2025-03-28 22:52:43, INFO: TRAIN in episode 165 has success rate: 0.00, collision rate: 1.00, nav time: 35.00, total reward: -4.4816
2025-03-28 22:52:43, INFO: Training phase switched to: human_avoidance
2025-03-28 22:54:47, INFO: TRAIN in episode 166 has success rate: 0.00, collision rate: 1.00, nav time: 35.00, total reward: -4.7970
2025-03-28 22:54:47, INFO: Training phase switched to: human_avoidance
2025-03-28 22:57:49, INFO: TRAIN in episode 167 has success rate: 0.00, collision rate: 1.00, nav time: 35.00, total reward: -6.1978
2025-03-28 22:57:49, INFO: Training phase switched to: human_avoidance
2025-03-28 23:02:04, INFO: TRAIN in episode 168 has success rate: 0.00, collision rate: 1.00, nav time: 35.00, total reward: -5.2428
2025-03-28 23:02:04, INFO: Training phase switched to: robot_avoidance
2025-03-28 23:04:41, INFO: TRAIN in episode 169 has success rate: 0.00, collision rate: 1.00, nav time: 35.00, total reward: -6.8222
2025-03-28 23:04:41, INFO: Training phase switched to: human_avoidance
2025-03-28 23:08:00, INFO: TRAIN in episode 170 has success rate: 0.00, collision rate: 1.00, nav time: 35.00, total reward: -4.9425
2025-03-28 23:08:00, INFO: Training phase switched to: human_avoidance
2025-03-28 23:11:44, INFO: TRAIN in episode 171 has success rate: 0.00, collision rate: 1.00, nav time: 35.00, total reward: -6.2202
2025-03-28 23:11:44, INFO: Training phase switched to: human_avoidance
2025-03-28 23:18:32, INFO: TRAIN in episode 172 has success rate: 0.00, collision rate: 1.00, nav time: 35.00, total reward: -6.0908
2025-03-28 23:18:32, INFO: Training phase switched to: robot_avoidance
2025-03-28 23:23:16, INFO: TRAIN in episode 173 has success rate: 0.00, collision rate: 1.00, nav time: 35.00, total reward: -6.5742
2025-03-28 23:23:16, INFO: Training phase switched to: human_avoidance
2025-03-28 23:25:09, INFO: TRAIN in episode 174 has success rate: 0.00, collision rate: 1.00, nav time: 35.00, total reward: -7.1165
2025-03-28 23:25:09, INFO: Training phase switched to: human_avoidance
2025-03-28 23:27:56, INFO: TRAIN in episode 175 has success rate: 0.00, collision rate: 1.00, nav time: 35.00, total reward: -5.8240
2025-03-28 23:27:56, INFO: Training phase switched to: human_avoidance
2025-03-28 23:30:57, INFO: TRAIN in episode 176 has success rate: 0.00, collision rate: 1.00, nav time: 35.00, total reward: -6.2179
2025-03-28 23:30:57, INFO: Training phase switched to: human_avoidance
2025-03-28 23:34:32, INFO: TRAIN in episode 177 has success rate: 0.00, collision rate: 1.00, nav time: 35.00, total reward: -5.1089
2025-03-28 23:34:32, INFO: Training phase switched to: human_avoidance
2025-03-28 23:42:08, INFO: TRAIN in episode 178 has success rate: 0.00, collision rate: 1.00, nav time: 35.00, total reward: -6.7143
2025-03-28 23:42:08, INFO: Training phase switched to: robot_avoidance
2025-03-28 23:46:44, INFO: TRAIN in episode 179 has success rate: 0.00, collision rate: 1.00, nav time: 35.00, total reward: -6.3518
2025-03-28 23:46:44, INFO: Training phase switched to: human_avoidance
2025-03-28 23:52:07, INFO: TRAIN in episode 180 has success rate: 0.00, collision rate: 1.00, nav time: 35.00, total reward: -6.1122
2025-03-28 23:52:07, INFO: Training phase switched to: human_avoidance
2025-03-28 23:55:23, INFO: TRAIN in episode 181 has success rate: 0.00, collision rate: 1.00, nav time: 35.00, total reward: -5.2939
2025-03-28 23:55:23, INFO: Training phase switched to: human_avoidance
2025-03-29 00:05:06, INFO: TRAIN in episode 182 has success rate: 0.00, collision rate: 1.00, nav time: 35.00, total reward: -4.6271
2025-03-29 00:05:07, INFO: Training phase switched to: robot_avoidance
2025-03-29 00:08:22, INFO: TRAIN in episode 183 has success rate: 0.00, collision rate: 1.00, nav time: 35.00, total reward: -7.2924
2025-03-29 00:08:22, INFO: Training phase switched to: human_avoidance
2025-03-29 00:12:13, INFO: TRAIN in episode 184 has success rate: 0.00, collision rate: 1.00, nav time: 35.00, total reward: -4.7306
2025-03-29 00:12:13, INFO: Training phase switched to: human_avoidance
2025-03-29 00:16:55, INFO: TRAIN in episode 185 has success rate: 0.00, collision rate: 1.00, nav time: 35.00, total reward: -5.2361
2025-03-29 00:16:55, INFO: Training phase switched to: human_avoidance
2025-03-29 00:19:08, INFO: TRAIN in episode 186 has success rate: 0.00, collision rate: 1.00, nav time: 35.00, total reward: -4.1244
2025-03-29 00:19:08, INFO: Training phase switched to: human_avoidance
2025-03-29 00:22:55, INFO: TRAIN in episode 187 has success rate: 0.00, collision rate: 1.00, nav time: 35.00, total reward: -5.9577
2025-03-29 00:22:55, INFO: Training phase switched to: human_avoidance
2025-03-29 00:25:43, INFO: TRAIN in episode 188 has success rate: 0.00, collision rate: 1.00, nav time: 35.00, total reward: -4.7111
2025-03-29 00:25:43, INFO: Training phase switched to: human_avoidance
2025-03-29 00:30:18, INFO: TRAIN in episode 189 has success rate: 0.00, collision rate: 1.00, nav time: 35.00, total reward: -5.9567
2025-03-29 00:30:18, INFO: Training phase switched to: human_avoidance
2025-03-29 00:33:19, INFO: TRAIN in episode 190 has success rate: 0.00, collision rate: 1.00, nav time: 35.00, total reward: -6.1326
2025-03-29 00:33:19, INFO: Training phase switched to: human_avoidance
2025-03-29 00:36:51, INFO: TRAIN in episode 191 has success rate: 0.00, collision rate: 1.00, nav time: 35.00, total reward: -5.8067
2025-03-29 00:36:51, INFO: Training phase switched to: human_avoidance
2025-03-29 00:40:24, INFO: TRAIN in episode 192 has success rate: 0.00, collision rate: 1.00, nav time: 35.00, total reward: -6.5749
2025-03-29 00:40:24, INFO: Training phase switched to: human_avoidance
2025-03-29 00:44:20, INFO: TRAIN in episode 193 has success rate: 0.00, collision rate: 1.00, nav time: 35.00, total reward: -5.7872
2025-03-29 00:44:20, INFO: Training phase switched to: human_avoidance
2025-03-29 00:48:25, INFO: TRAIN in episode 194 has success rate: 0.00, collision rate: 1.00, nav time: 35.00, total reward: -5.1860
2025-03-29 00:48:25, INFO: Training phase switched to: human_avoidance
2025-03-29 00:53:16, INFO: TRAIN in episode 195 has success rate: 0.00, collision rate: 1.00, nav time: 35.00, total reward: -3.5894
2025-03-29 00:53:16, INFO: Training phase switched to: human_avoidance
2025-03-29 00:57:41, INFO: TRAIN in episode 196 has success rate: 0.00, collision rate: 1.00, nav time: 35.00, total reward: -7.7058
2025-03-29 00:57:41, INFO: Training phase switched to: human_avoidance
2025-03-31 16:10:50, INFO: Current git head hash code: %s
2025-03-31 16:10:52, INFO: Using device: cuda:0
2025-03-31 16:10:56, INFO: robot number: 8
2025-03-31 16:10:56, INFO: human number: 5
2025-03-31 16:10:56, INFO: Not randomize human's radius and preferred speed
2025-03-31 16:10:56, INFO: Training simulation: circle_crossing, test simulation: circle_crossing
2025-03-31 16:10:56, INFO: Square width: 10.0, circle width: 4.0
2025-03-31 16:10:56, INFO: Load reinforcement learning trained weights. Resume training
2025-03-31 16:10:56, INFO: Agent is visible and has holonomic kinematic constraint
2025-03-31 16:10:56, INFO: Agent is visible and has holonomic kinematic constraint
2025-03-31 16:10:56, INFO: Agent is visible and has holonomic kinematic constraint
2025-03-31 16:10:56, INFO: Agent is visible and has holonomic kinematic constraint
2025-03-31 16:10:56, INFO: Agent is visible and has holonomic kinematic constraint
2025-03-31 16:10:56, INFO: Agent is visible and has holonomic kinematic constraint
2025-03-31 16:10:56, INFO: Agent is visible and has holonomic kinematic constraint
2025-03-31 16:10:56, INFO: Agent is visible and has holonomic kinematic constraint
2025-03-31 16:10:56, INFO: Current learning rate: 0.001000
2025-03-31 16:39:06, INFO: Current git head hash code: %s
2025-03-31 16:39:08, INFO: Using device: cuda:0
2025-03-31 16:39:11, INFO: robot number: 8
2025-03-31 16:39:11, INFO: human number: 5
2025-03-31 16:39:11, INFO: Not randomize human's radius and preferred speed
2025-03-31 16:39:11, INFO: Training simulation: circle_crossing, test simulation: circle_crossing
2025-03-31 16:39:11, INFO: Square width: 10.0, circle width: 4.0
2025-03-31 16:39:11, INFO: Load reinforcement learning trained weights. Resume training
2025-03-31 16:39:11, INFO: Agent is visible and has holonomic kinematic constraint
2025-03-31 16:39:11, INFO: Agent is visible and has holonomic kinematic constraint
2025-03-31 16:39:11, INFO: Agent is visible and has holonomic kinematic constraint
2025-03-31 16:39:11, INFO: Agent is visible and has holonomic kinematic constraint
2025-03-31 16:39:11, INFO: Agent is visible and has holonomic kinematic constraint
2025-03-31 16:39:11, INFO: Agent is visible and has holonomic kinematic constraint
2025-03-31 16:39:11, INFO: Agent is visible and has holonomic kinematic constraint
2025-03-31 16:39:11, INFO: Agent is visible and has holonomic kinematic constraint
2025-03-31 16:39:11, INFO: Current learning rate: 0.001000
2025-03-31 16:46:28, INFO: Training phase switched to: robot_avoidance
2025-03-31 16:46:28, INFO: Training phase switched to: robot_avoidance
2025-03-31 16:46:28, INFO: Training phase switched to: robot_avoidance
2025-03-31 16:46:28, INFO: Training phase switched to: robot_avoidance
2025-03-31 16:46:28, INFO: Training phase switched to: robot_avoidance
2025-03-31 16:46:28, INFO: Training phase switched to: robot_avoidance
2025-03-31 16:46:28, INFO: Training phase switched to: robot_avoidance
2025-03-31 16:46:28, INFO: Training phase switched to: robot_avoidance
2025-03-31 16:46:28, INFO: All humans have reached their goals at time 10.25
2025-03-31 16:47:17, INFO: TRAIN in episode 0 has success rate: 0.00, collision rate: 1.00, nav time: 35.00, total reward: -18.2477
2025-03-31 16:47:17, INFO: Experience set size: 15744/100000
2025-03-31 17:01:20, INFO: Training phase switched to: robot_avoidance
2025-03-31 17:01:20, INFO: Training phase switched to: robot_avoidance
2025-03-31 17:01:20, INFO: Training phase switched to: robot_avoidance
2025-03-31 17:01:20, INFO: Training phase switched to: robot_avoidance
2025-03-31 17:01:20, INFO: Training phase switched to: robot_avoidance
2025-03-31 17:01:20, INFO: Training phase switched to: robot_avoidance
2025-03-31 17:01:20, INFO: Training phase switched to: robot_avoidance
2025-03-31 17:01:20, INFO: Training phase switched to: robot_avoidance
2025-03-31 17:01:20, INFO: All humans have reached their goals at time 10.50
2025-03-31 17:01:39, INFO: VAL in episode 0 has success rate: 0.00, collision rate: 1.00, nav time: 35.00, total reward: -19.2374
2025-03-31 17:01:39, INFO: Frequency of being in danger: 0.00 and average min separate distance in danger: 0.00
2025-03-31 17:08:01, INFO: TRAIN in episode 0 has success rate: 0.00, collision rate: 1.00, nav time: 35.00, total reward: -24.1409
2025-03-31 17:19:41, INFO: Training phase switched to: robot_avoidance
2025-03-31 17:19:41, INFO: Training phase switched to: robot_avoidance
2025-03-31 17:19:41, INFO: Training phase switched to: robot_avoidance
2025-03-31 17:19:41, INFO: Training phase switched to: robot_avoidance
2025-03-31 17:19:41, INFO: Training phase switched to: robot_avoidance
2025-03-31 17:19:41, INFO: Training phase switched to: robot_avoidance
2025-03-31 17:19:41, INFO: Training phase switched to: robot_avoidance
2025-03-31 17:19:41, INFO: Training phase switched to: robot_avoidance
2025-03-31 17:19:41, INFO: All humans have reached their goals at time 13.75
2025-03-31 17:19:42, INFO: TRAIN in episode 1 has success rate: 0.00, collision rate: 1.00, nav time: 35.00, total reward: -14.0439
2025-03-31 17:28:39, INFO: Training phase switched to: robot_avoidance
2025-03-31 17:28:39, INFO: Training phase switched to: robot_avoidance
2025-03-31 17:28:39, INFO: Training phase switched to: robot_avoidance
2025-03-31 17:28:39, INFO: Training phase switched to: robot_avoidance
2025-03-31 17:28:39, INFO: Training phase switched to: robot_avoidance
2025-03-31 17:28:39, INFO: Training phase switched to: robot_avoidance
2025-03-31 17:28:39, INFO: Training phase switched to: robot_avoidance
2025-03-31 17:28:39, INFO: Training phase switched to: robot_avoidance
2025-03-31 17:28:39, INFO: All humans have reached their goals at time 10.00
2025-03-31 17:28:41, INFO: TRAIN in episode 2 has success rate: 0.00, collision rate: 1.00, nav time: 35.00, total reward: -27.7406
2025-03-31 17:38:05, INFO: Training phase switched to: robot_avoidance
2025-03-31 17:38:05, INFO: Training phase switched to: robot_avoidance
2025-03-31 17:38:05, INFO: Training phase switched to: robot_avoidance
2025-03-31 17:38:05, INFO: Training phase switched to: robot_avoidance
2025-03-31 17:38:05, INFO: Training phase switched to: robot_avoidance
2025-03-31 17:38:05, INFO: Training phase switched to: robot_avoidance
2025-03-31 17:38:05, INFO: Training phase switched to: robot_avoidance
2025-03-31 17:38:05, INFO: Training phase switched to: robot_avoidance
2025-03-31 17:38:05, INFO: All humans have reached their goals at time 11.00
2025-03-31 17:38:07, INFO: TRAIN in episode 3 has success rate: 0.00, collision rate: 1.00, nav time: 35.00, total reward: -27.6457
2025-03-31 17:46:45, INFO: TRAIN in episode 4 has success rate: 0.00, collision rate: 1.00, nav time: 35.00, total reward: -28.4218
2025-03-31 17:55:05, INFO: Training phase switched to: robot_avoidance
2025-03-31 17:55:05, INFO: Training phase switched to: robot_avoidance
2025-03-31 17:55:05, INFO: Training phase switched to: robot_avoidance
2025-03-31 17:55:05, INFO: Training phase switched to: robot_avoidance
2025-03-31 17:55:05, INFO: Training phase switched to: robot_avoidance
2025-03-31 17:55:05, INFO: Training phase switched to: robot_avoidance
2025-03-31 17:55:05, INFO: Training phase switched to: robot_avoidance
2025-03-31 17:55:05, INFO: Training phase switched to: robot_avoidance
2025-03-31 17:55:05, INFO: All humans have reached their goals at time 10.50
2025-03-31 17:55:06, INFO: TRAIN in episode 5 has success rate: 0.00, collision rate: 1.00, nav time: 35.00, total reward: -8.1760
2025-03-31 18:03:09, INFO: Training phase switched to: robot_avoidance
2025-03-31 18:03:09, INFO: Training phase switched to: robot_avoidance
2025-03-31 18:03:09, INFO: Training phase switched to: robot_avoidance
2025-03-31 18:03:09, INFO: Training phase switched to: robot_avoidance
2025-03-31 18:03:09, INFO: Training phase switched to: robot_avoidance
2025-03-31 18:03:09, INFO: Training phase switched to: robot_avoidance
2025-03-31 18:03:09, INFO: Training phase switched to: robot_avoidance
2025-03-31 18:03:09, INFO: Training phase switched to: robot_avoidance
2025-03-31 18:03:09, INFO: All humans have reached their goals at time 9.75
2025-03-31 18:03:11, INFO: TRAIN in episode 6 has success rate: 0.00, collision rate: 1.00, nav time: 35.00, total reward: -29.1212
2025-03-31 18:07:49, INFO: TRAIN in episode 7 has success rate: 0.00, collision rate: 1.00, nav time: 35.00, total reward: -23.2549
2025-03-31 18:16:02, INFO: Training phase switched to: robot_avoidance
2025-03-31 18:16:02, INFO: Training phase switched to: robot_avoidance
2025-03-31 18:16:02, INFO: Training phase switched to: robot_avoidance
2025-03-31 18:16:02, INFO: Training phase switched to: robot_avoidance
2025-03-31 18:16:02, INFO: Training phase switched to: robot_avoidance
2025-03-31 18:16:02, INFO: Training phase switched to: robot_avoidance
2025-03-31 18:16:02, INFO: Training phase switched to: robot_avoidance
2025-03-31 18:16:02, INFO: Training phase switched to: robot_avoidance
2025-03-31 18:16:02, INFO: All humans have reached their goals at time 10.25
2025-03-31 18:16:04, INFO: TRAIN in episode 8 has success rate: 0.00, collision rate: 1.00, nav time: 35.00, total reward: -17.6100
2025-03-31 18:22:39, INFO: TRAIN in episode 9 has success rate: 0.00, collision rate: 1.00, nav time: 35.00, total reward: -26.3745
2025-03-31 18:28:35, INFO: TRAIN in episode 10 has success rate: 0.00, collision rate: 1.00, nav time: 35.00, total reward: -14.9496
2025-03-31 18:37:54, INFO: Training phase switched to: robot_avoidance
2025-03-31 18:37:54, INFO: Training phase switched to: robot_avoidance
2025-03-31 18:37:54, INFO: Training phase switched to: robot_avoidance
2025-03-31 18:37:54, INFO: Training phase switched to: robot_avoidance
2025-03-31 18:37:54, INFO: Training phase switched to: robot_avoidance
2025-03-31 18:37:54, INFO: Training phase switched to: robot_avoidance
2025-03-31 18:37:54, INFO: Training phase switched to: robot_avoidance
2025-03-31 18:37:54, INFO: Training phase switched to: robot_avoidance
2025-03-31 18:37:54, INFO: All humans have reached their goals at time 11.25
2025-03-31 18:37:55, INFO: TRAIN in episode 11 has success rate: 0.00, collision rate: 1.00, nav time: 35.00, total reward: -14.1614
2025-03-31 18:46:54, INFO: Training phase switched to: robot_avoidance
2025-03-31 18:46:54, INFO: Training phase switched to: robot_avoidance
2025-03-31 18:46:54, INFO: Training phase switched to: robot_avoidance
2025-03-31 18:46:54, INFO: Training phase switched to: robot_avoidance
2025-03-31 18:46:54, INFO: Training phase switched to: robot_avoidance
2025-03-31 18:46:54, INFO: Training phase switched to: robot_avoidance
2025-03-31 18:46:54, INFO: Training phase switched to: robot_avoidance
2025-03-31 18:46:54, INFO: Training phase switched to: robot_avoidance
2025-03-31 18:46:54, INFO: All humans have reached their goals at time 10.75
2025-03-31 18:46:55, INFO: TRAIN in episode 12 has success rate: 0.00, collision rate: 1.00, nav time: 35.00, total reward: -23.6672
2025-03-31 18:54:36, INFO: Training phase switched to: robot_avoidance
2025-03-31 18:54:36, INFO: Training phase switched to: robot_avoidance
2025-03-31 18:54:36, INFO: Training phase switched to: robot_avoidance
2025-03-31 18:54:36, INFO: Training phase switched to: robot_avoidance
2025-03-31 18:54:36, INFO: Training phase switched to: robot_avoidance
2025-03-31 18:54:36, INFO: Training phase switched to: robot_avoidance
2025-03-31 18:54:36, INFO: Training phase switched to: robot_avoidance
2025-03-31 18:54:36, INFO: Training phase switched to: robot_avoidance
2025-03-31 18:54:36, INFO: All humans have reached their goals at time 10.50
2025-03-31 18:54:37, INFO: TRAIN in episode 13 has success rate: 0.00, collision rate: 1.00, nav time: 35.00, total reward: -29.4526
2025-03-31 18:58:27, INFO: Training phase switched to: robot_avoidance
2025-03-31 18:58:27, INFO: Training phase switched to: robot_avoidance
2025-03-31 18:58:27, INFO: Training phase switched to: robot_avoidance
2025-03-31 18:58:27, INFO: Training phase switched to: robot_avoidance
2025-03-31 18:58:27, INFO: Training phase switched to: robot_avoidance
2025-03-31 18:58:27, INFO: Training phase switched to: robot_avoidance
2025-03-31 18:58:27, INFO: Training phase switched to: robot_avoidance
2025-03-31 18:58:27, INFO: Training phase switched to: robot_avoidance
2025-03-31 18:58:27, INFO: All humans have reached their goals at time 9.75
2025-03-31 18:58:28, INFO: TRAIN in episode 14 has success rate: 0.00, collision rate: 1.00, nav time: 35.00, total reward: -25.2420
2025-03-31 19:02:32, INFO: Training phase switched to: robot_avoidance
2025-03-31 19:02:32, INFO: Training phase switched to: robot_avoidance
2025-03-31 19:02:32, INFO: Training phase switched to: robot_avoidance
2025-03-31 19:02:32, INFO: Training phase switched to: robot_avoidance
2025-03-31 19:02:32, INFO: Training phase switched to: robot_avoidance
2025-03-31 19:02:32, INFO: Training phase switched to: robot_avoidance
2025-03-31 19:02:32, INFO: Training phase switched to: robot_avoidance
2025-03-31 19:02:32, INFO: Training phase switched to: robot_avoidance
2025-03-31 19:02:32, INFO: All humans have reached their goals at time 11.00
2025-03-31 19:02:33, INFO: TRAIN in episode 15 has success rate: 0.00, collision rate: 1.00, nav time: 35.00, total reward: -31.7628
2025-03-31 19:05:17, INFO: TRAIN in episode 16 has success rate: 0.00, collision rate: 1.00, nav time: 35.00, total reward: -25.4421
2025-03-31 19:08:53, INFO: Training phase switched to: robot_avoidance
2025-03-31 19:08:53, INFO: Training phase switched to: robot_avoidance
2025-03-31 19:08:53, INFO: Training phase switched to: robot_avoidance
2025-03-31 19:08:53, INFO: Training phase switched to: robot_avoidance
2025-03-31 19:08:53, INFO: Training phase switched to: robot_avoidance
2025-03-31 19:08:53, INFO: Training phase switched to: robot_avoidance
2025-03-31 19:08:53, INFO: Training phase switched to: robot_avoidance
2025-03-31 19:08:53, INFO: Training phase switched to: robot_avoidance
2025-03-31 19:08:53, INFO: All humans have reached their goals at time 10.25
2025-03-31 19:08:54, INFO: TRAIN in episode 17 has success rate: 0.00, collision rate: 1.00, nav time: 35.00, total reward: -15.7994
2025-03-31 19:10:25, INFO: TRAIN in episode 18 has success rate: 0.00, collision rate: 1.00, nav time: 35.00, total reward: -28.6255
2025-03-31 19:14:09, INFO: Training phase switched to: robot_avoidance
2025-03-31 19:14:09, INFO: Training phase switched to: robot_avoidance
2025-03-31 19:14:09, INFO: Training phase switched to: robot_avoidance
2025-03-31 19:14:09, INFO: Training phase switched to: robot_avoidance
2025-03-31 19:14:09, INFO: Training phase switched to: robot_avoidance
2025-03-31 19:14:09, INFO: Training phase switched to: robot_avoidance
2025-03-31 19:14:09, INFO: Training phase switched to: robot_avoidance
2025-03-31 19:14:09, INFO: Training phase switched to: robot_avoidance
2025-03-31 19:14:09, INFO: All humans have reached their goals at time 10.25
2025-03-31 19:14:10, INFO: TRAIN in episode 19 has success rate: 0.00, collision rate: 1.00, nav time: 35.00, total reward: -18.5940
2025-03-31 19:18:07, INFO: TRAIN in episode 20 has success rate: 0.00, collision rate: 1.00, nav time: 35.00, total reward: -28.8495
2025-03-31 19:20:55, INFO: TRAIN in episode 21 has success rate: 0.00, collision rate: 1.00, nav time: 35.00, total reward: -11.5803
2025-03-31 19:23:41, INFO: TRAIN in episode 22 has success rate: 0.00, collision rate: 1.00, nav time: 35.00, total reward: -12.5182
2025-03-31 19:26:22, INFO: TRAIN in episode 23 has success rate: 0.00, collision rate: 1.00, nav time: 35.00, total reward: -17.4038
2025-03-31 19:29:55, INFO: Training phase switched to: robot_avoidance
2025-03-31 19:29:55, INFO: Training phase switched to: robot_avoidance
2025-03-31 19:29:55, INFO: Training phase switched to: robot_avoidance
2025-03-31 19:29:55, INFO: Training phase switched to: robot_avoidance
2025-03-31 19:29:55, INFO: Training phase switched to: robot_avoidance
2025-03-31 19:29:55, INFO: Training phase switched to: robot_avoidance
2025-03-31 19:29:55, INFO: Training phase switched to: robot_avoidance
2025-03-31 19:29:55, INFO: Training phase switched to: robot_avoidance
2025-03-31 19:29:55, INFO: All humans have reached their goals at time 10.50
2025-03-31 19:29:56, INFO: TRAIN in episode 24 has success rate: 0.00, collision rate: 1.00, nav time: 35.00, total reward: -14.5262
2025-03-31 19:33:43, INFO: Training phase switched to: robot_avoidance
2025-03-31 19:33:43, INFO: Training phase switched to: robot_avoidance
2025-03-31 19:33:43, INFO: Training phase switched to: robot_avoidance
2025-03-31 19:33:43, INFO: Training phase switched to: robot_avoidance
2025-03-31 19:33:43, INFO: Training phase switched to: robot_avoidance
2025-03-31 19:33:43, INFO: Training phase switched to: robot_avoidance
2025-03-31 19:33:43, INFO: Training phase switched to: robot_avoidance
2025-03-31 19:33:43, INFO: Training phase switched to: robot_avoidance
2025-03-31 19:33:43, INFO: All humans have reached their goals at time 10.50
2025-03-31 19:33:44, INFO: TRAIN in episode 25 has success rate: 0.00, collision rate: 1.00, nav time: 35.00, total reward: -24.3631
2025-03-31 19:37:18, INFO: Training phase switched to: robot_avoidance
2025-03-31 19:37:18, INFO: Training phase switched to: robot_avoidance
2025-03-31 19:37:18, INFO: Training phase switched to: robot_avoidance
2025-03-31 19:37:18, INFO: Training phase switched to: robot_avoidance
2025-03-31 19:37:18, INFO: Training phase switched to: robot_avoidance
2025-03-31 19:37:18, INFO: Training phase switched to: robot_avoidance
2025-03-31 19:37:18, INFO: Training phase switched to: robot_avoidance
2025-03-31 19:37:18, INFO: Training phase switched to: robot_avoidance
2025-03-31 19:37:18, INFO: All humans have reached their goals at time 10.25
2025-03-31 19:37:19, INFO: TRAIN in episode 26 has success rate: 0.00, collision rate: 1.00, nav time: 35.00, total reward: -27.9181
2025-03-31 19:43:30, INFO: Training phase switched to: robot_avoidance
2025-03-31 19:43:30, INFO: Training phase switched to: robot_avoidance
2025-03-31 19:43:30, INFO: Training phase switched to: robot_avoidance
2025-03-31 19:43:30, INFO: Training phase switched to: robot_avoidance
2025-03-31 19:43:30, INFO: Training phase switched to: robot_avoidance
2025-03-31 19:43:30, INFO: Training phase switched to: robot_avoidance
2025-03-31 19:43:30, INFO: Training phase switched to: robot_avoidance
2025-03-31 19:43:30, INFO: Training phase switched to: robot_avoidance
2025-03-31 19:43:30, INFO: All humans have reached their goals at time 12.25
2025-03-31 19:43:32, INFO: TRAIN in episode 27 has success rate: 0.00, collision rate: 1.00, nav time: 35.00, total reward: -27.9268
2025-03-31 19:48:31, INFO: TRAIN in episode 28 has success rate: 0.00, collision rate: 1.00, nav time: 35.00, total reward: -26.7074
2025-03-31 19:57:08, INFO: Training phase switched to: robot_avoidance
2025-03-31 19:57:08, INFO: Training phase switched to: robot_avoidance
2025-03-31 19:57:08, INFO: Training phase switched to: robot_avoidance
2025-03-31 19:57:08, INFO: Training phase switched to: robot_avoidance
2025-03-31 19:57:08, INFO: Training phase switched to: robot_avoidance
2025-03-31 19:57:08, INFO: Training phase switched to: robot_avoidance
2025-03-31 19:57:08, INFO: Training phase switched to: robot_avoidance
2025-03-31 19:57:08, INFO: Training phase switched to: robot_avoidance
2025-03-31 19:57:08, INFO: All humans have reached their goals at time 11.00
2025-03-31 19:57:10, INFO: TRAIN in episode 29 has success rate: 0.00, collision rate: 1.00, nav time: 35.00, total reward: -19.4532
2025-03-31 20:05:02, INFO: Training phase switched to: robot_avoidance
2025-03-31 20:05:02, INFO: Training phase switched to: robot_avoidance
2025-03-31 20:05:02, INFO: Training phase switched to: robot_avoidance
2025-03-31 20:05:02, INFO: Training phase switched to: robot_avoidance
2025-03-31 20:05:02, INFO: Training phase switched to: robot_avoidance
2025-03-31 20:05:02, INFO: Training phase switched to: robot_avoidance
2025-03-31 20:05:02, INFO: Training phase switched to: robot_avoidance
2025-03-31 20:05:02, INFO: Training phase switched to: robot_avoidance
2025-03-31 20:05:02, INFO: All humans have reached their goals at time 10.00
2025-03-31 20:05:03, INFO: TRAIN in episode 30 has success rate: 0.00, collision rate: 1.00, nav time: 35.00, total reward: -26.6373
2025-03-31 20:13:45, INFO: Training phase switched to: robot_avoidance
2025-03-31 20:13:45, INFO: Training phase switched to: robot_avoidance
2025-03-31 20:13:45, INFO: Training phase switched to: robot_avoidance
2025-03-31 20:13:45, INFO: Training phase switched to: robot_avoidance
2025-03-31 20:13:45, INFO: Training phase switched to: robot_avoidance
2025-03-31 20:13:45, INFO: Training phase switched to: robot_avoidance
2025-03-31 20:13:45, INFO: Training phase switched to: robot_avoidance
2025-03-31 20:13:45, INFO: Training phase switched to: robot_avoidance
2025-03-31 20:13:45, INFO: All humans have reached their goals at time 10.75
2025-03-31 20:13:47, INFO: TRAIN in episode 31 has success rate: 0.00, collision rate: 1.00, nav time: 35.00, total reward: -6.7497
2025-03-31 20:20:59, INFO: Training phase switched to: robot_avoidance
2025-03-31 20:20:59, INFO: Training phase switched to: robot_avoidance
2025-03-31 20:20:59, INFO: Training phase switched to: robot_avoidance
2025-03-31 20:20:59, INFO: Training phase switched to: robot_avoidance
2025-03-31 20:20:59, INFO: Training phase switched to: robot_avoidance
2025-03-31 20:20:59, INFO: Training phase switched to: robot_avoidance
2025-03-31 20:20:59, INFO: Training phase switched to: robot_avoidance
2025-03-31 20:20:59, INFO: Training phase switched to: robot_avoidance
2025-03-31 20:20:59, INFO: All humans have reached their goals at time 9.25
2025-03-31 20:21:00, INFO: TRAIN in episode 32 has success rate: 0.00, collision rate: 1.00, nav time: 35.00, total reward: -26.1592
2025-03-31 20:29:27, INFO: Training phase switched to: robot_avoidance
2025-03-31 20:29:27, INFO: Training phase switched to: robot_avoidance
2025-03-31 20:29:27, INFO: Training phase switched to: robot_avoidance
2025-03-31 20:29:27, INFO: Training phase switched to: robot_avoidance
2025-03-31 20:29:27, INFO: Training phase switched to: robot_avoidance
2025-03-31 20:29:27, INFO: Training phase switched to: robot_avoidance
2025-03-31 20:29:27, INFO: Training phase switched to: robot_avoidance
2025-03-31 20:29:27, INFO: Training phase switched to: robot_avoidance
2025-03-31 20:29:27, INFO: All humans have reached their goals at time 10.50
2025-03-31 20:29:29, INFO: TRAIN in episode 33 has success rate: 0.00, collision rate: 1.00, nav time: 35.00, total reward: -20.4459
2025-03-31 20:38:30, INFO: Training phase switched to: robot_avoidance
2025-03-31 20:38:30, INFO: Training phase switched to: robot_avoidance
2025-03-31 20:38:30, INFO: Training phase switched to: robot_avoidance
2025-03-31 20:38:30, INFO: Training phase switched to: robot_avoidance
2025-03-31 20:38:30, INFO: Training phase switched to: robot_avoidance
2025-03-31 20:38:30, INFO: Training phase switched to: robot_avoidance
2025-03-31 20:38:30, INFO: Training phase switched to: robot_avoidance
2025-03-31 20:38:30, INFO: Training phase switched to: robot_avoidance
2025-03-31 20:38:30, INFO: All humans have reached their goals at time 10.75
2025-03-31 20:38:33, INFO: TRAIN in episode 34 has success rate: 0.00, collision rate: 1.00, nav time: 35.00, total reward: -29.6632
2025-03-31 20:47:30, INFO: Training phase switched to: robot_avoidance
2025-03-31 20:47:30, INFO: Training phase switched to: robot_avoidance
2025-03-31 20:47:30, INFO: Training phase switched to: robot_avoidance
2025-03-31 20:47:30, INFO: Training phase switched to: robot_avoidance
2025-03-31 20:47:30, INFO: Training phase switched to: robot_avoidance
2025-03-31 20:47:30, INFO: Training phase switched to: robot_avoidance
2025-03-31 20:47:30, INFO: Training phase switched to: robot_avoidance
2025-03-31 20:47:30, INFO: Training phase switched to: robot_avoidance
2025-03-31 20:47:30, INFO: All humans have reached their goals at time 11.25
2025-03-31 20:47:31, INFO: TRAIN in episode 35 has success rate: 0.00, collision rate: 1.00, nav time: 35.00, total reward: -31.6084
2025-03-31 20:56:45, INFO: Training phase switched to: robot_avoidance
2025-03-31 20:56:45, INFO: Training phase switched to: robot_avoidance
2025-03-31 20:56:45, INFO: Training phase switched to: robot_avoidance
2025-03-31 20:56:45, INFO: Training phase switched to: robot_avoidance
2025-03-31 20:56:45, INFO: Training phase switched to: robot_avoidance
2025-03-31 20:56:45, INFO: Training phase switched to: robot_avoidance
2025-03-31 20:56:45, INFO: Training phase switched to: robot_avoidance
2025-03-31 20:56:45, INFO: Training phase switched to: robot_avoidance
2025-03-31 20:56:45, INFO: All humans have reached their goals at time 11.50
2025-03-31 20:56:47, INFO: TRAIN in episode 36 has success rate: 0.00, collision rate: 1.00, nav time: 35.00, total reward: -28.2459
2025-03-31 21:00:57, INFO: TRAIN in episode 37 has success rate: 0.00, collision rate: 1.00, nav time: 35.00, total reward: -25.6420
2025-03-31 21:09:55, INFO: Training phase switched to: robot_avoidance
2025-03-31 21:09:55, INFO: Training phase switched to: robot_avoidance
2025-03-31 21:09:55, INFO: Training phase switched to: robot_avoidance
2025-03-31 21:09:55, INFO: Training phase switched to: robot_avoidance
2025-03-31 21:09:55, INFO: Training phase switched to: robot_avoidance
2025-03-31 21:09:55, INFO: Training phase switched to: robot_avoidance
2025-03-31 21:09:55, INFO: Training phase switched to: robot_avoidance
2025-03-31 21:09:55, INFO: Training phase switched to: robot_avoidance
2025-03-31 21:09:55, INFO: All humans have reached their goals at time 10.50
2025-03-31 21:09:56, INFO: TRAIN in episode 38 has success rate: 0.00, collision rate: 1.00, nav time: 35.00, total reward: -15.9095
2025-03-31 21:20:04, INFO: Training phase switched to: robot_avoidance
2025-03-31 21:20:04, INFO: Training phase switched to: robot_avoidance
2025-03-31 21:20:04, INFO: Training phase switched to: robot_avoidance
2025-03-31 21:20:04, INFO: Training phase switched to: robot_avoidance
2025-03-31 21:20:04, INFO: Training phase switched to: robot_avoidance
2025-03-31 21:20:04, INFO: Training phase switched to: robot_avoidance
2025-03-31 21:20:04, INFO: Training phase switched to: robot_avoidance
2025-03-31 21:20:04, INFO: Training phase switched to: robot_avoidance
2025-03-31 21:20:04, INFO: All humans have reached their goals at time 11.75
2025-03-31 21:20:06, INFO: TRAIN in episode 39 has success rate: 0.00, collision rate: 1.00, nav time: 35.00, total reward: -24.4950
2025-03-31 21:27:48, INFO: Training phase switched to: robot_avoidance
2025-03-31 21:27:48, INFO: Training phase switched to: robot_avoidance
2025-03-31 21:27:48, INFO: Training phase switched to: robot_avoidance
2025-03-31 21:27:48, INFO: Training phase switched to: robot_avoidance
2025-03-31 21:27:48, INFO: Training phase switched to: robot_avoidance
2025-03-31 21:27:48, INFO: Training phase switched to: robot_avoidance
2025-03-31 21:27:48, INFO: Training phase switched to: robot_avoidance
2025-03-31 21:27:48, INFO: Training phase switched to: robot_avoidance
2025-03-31 21:27:48, INFO: All humans have reached their goals at time 9.75
2025-03-31 21:27:50, INFO: TRAIN in episode 40 has success rate: 0.00, collision rate: 1.00, nav time: 35.00, total reward: -25.4463
2025-03-31 21:36:27, INFO: Training phase switched to: robot_avoidance
2025-03-31 21:36:27, INFO: Training phase switched to: robot_avoidance
2025-03-31 21:36:27, INFO: Training phase switched to: robot_avoidance
2025-03-31 21:36:27, INFO: Training phase switched to: robot_avoidance
2025-03-31 21:36:27, INFO: Training phase switched to: robot_avoidance
2025-03-31 21:36:27, INFO: Training phase switched to: robot_avoidance
2025-03-31 21:36:27, INFO: Training phase switched to: robot_avoidance
2025-03-31 21:36:27, INFO: Training phase switched to: robot_avoidance
2025-03-31 21:36:27, INFO: All humans have reached their goals at time 10.75
2025-03-31 21:36:29, INFO: TRAIN in episode 41 has success rate: 0.00, collision rate: 1.00, nav time: 35.00, total reward: -27.5579
2025-03-31 21:44:32, INFO: Training phase switched to: robot_avoidance
2025-03-31 21:44:32, INFO: Training phase switched to: robot_avoidance
2025-03-31 21:44:32, INFO: Training phase switched to: robot_avoidance
2025-03-31 21:44:32, INFO: Training phase switched to: robot_avoidance
2025-03-31 21:44:32, INFO: Training phase switched to: robot_avoidance
2025-03-31 21:44:32, INFO: Training phase switched to: robot_avoidance
2025-03-31 21:44:32, INFO: Training phase switched to: robot_avoidance
2025-03-31 21:44:32, INFO: Training phase switched to: robot_avoidance
2025-03-31 21:44:32, INFO: All humans have reached their goals at time 10.00
2025-03-31 21:44:34, INFO: TRAIN in episode 42 has success rate: 0.00, collision rate: 1.00, nav time: 35.00, total reward: -29.6030
2025-03-31 21:51:47, INFO: Training phase switched to: robot_avoidance
2025-03-31 21:51:47, INFO: Training phase switched to: robot_avoidance
2025-03-31 21:51:47, INFO: Training phase switched to: robot_avoidance
2025-03-31 21:51:47, INFO: Training phase switched to: robot_avoidance
2025-03-31 21:51:47, INFO: Training phase switched to: robot_avoidance
2025-03-31 21:51:47, INFO: Training phase switched to: robot_avoidance
2025-03-31 21:51:47, INFO: Training phase switched to: robot_avoidance
2025-03-31 21:51:47, INFO: Training phase switched to: robot_avoidance
2025-03-31 21:51:47, INFO: All humans have reached their goals at time 10.50
2025-03-31 21:51:48, INFO: TRAIN in episode 43 has success rate: 0.00, collision rate: 1.00, nav time: 35.00, total reward: -22.8238
2025-03-31 21:56:48, INFO: Training phase switched to: robot_avoidance
2025-03-31 21:56:48, INFO: Training phase switched to: robot_avoidance
2025-03-31 21:56:48, INFO: Training phase switched to: robot_avoidance
2025-03-31 21:56:48, INFO: Training phase switched to: robot_avoidance
2025-03-31 21:56:48, INFO: Training phase switched to: robot_avoidance
2025-03-31 21:56:48, INFO: Training phase switched to: robot_avoidance
2025-03-31 21:56:48, INFO: Training phase switched to: robot_avoidance
2025-03-31 21:56:48, INFO: Training phase switched to: robot_avoidance
2025-03-31 21:56:48, INFO: All humans have reached their goals at time 10.25
2025-03-31 21:56:49, INFO: TRAIN in episode 44 has success rate: 0.00, collision rate: 1.00, nav time: 35.00, total reward: -28.3273
2025-03-31 22:00:45, INFO: Training phase switched to: robot_avoidance
2025-03-31 22:00:45, INFO: Training phase switched to: robot_avoidance
2025-03-31 22:00:45, INFO: Training phase switched to: robot_avoidance
2025-03-31 22:00:45, INFO: Training phase switched to: robot_avoidance
2025-03-31 22:00:45, INFO: Training phase switched to: robot_avoidance
2025-03-31 22:00:45, INFO: Training phase switched to: robot_avoidance
2025-03-31 22:00:45, INFO: Training phase switched to: robot_avoidance
2025-03-31 22:00:45, INFO: Training phase switched to: robot_avoidance
2025-03-31 22:00:45, INFO: All humans have reached their goals at time 10.75
2025-03-31 22:00:46, INFO: TRAIN in episode 45 has success rate: 0.00, collision rate: 1.00, nav time: 35.00, total reward: -30.4560
2025-03-31 22:04:11, INFO: Training phase switched to: robot_avoidance
2025-03-31 22:04:11, INFO: Training phase switched to: robot_avoidance
2025-03-31 22:04:11, INFO: Training phase switched to: robot_avoidance
2025-03-31 22:04:11, INFO: Training phase switched to: robot_avoidance
2025-03-31 22:04:11, INFO: Training phase switched to: robot_avoidance
2025-03-31 22:04:11, INFO: Training phase switched to: robot_avoidance
2025-03-31 22:04:11, INFO: Training phase switched to: robot_avoidance
2025-03-31 22:04:11, INFO: Training phase switched to: robot_avoidance
2025-03-31 22:04:11, INFO: All humans have reached their goals at time 9.75
2025-03-31 22:04:12, INFO: TRAIN in episode 46 has success rate: 0.00, collision rate: 1.00, nav time: 35.00, total reward: -33.8857
2025-03-31 22:07:41, INFO: Training phase switched to: robot_avoidance
2025-03-31 22:07:41, INFO: Training phase switched to: robot_avoidance
2025-03-31 22:07:41, INFO: Training phase switched to: robot_avoidance
2025-03-31 22:07:41, INFO: Training phase switched to: robot_avoidance
2025-03-31 22:07:41, INFO: Training phase switched to: robot_avoidance
2025-03-31 22:07:41, INFO: Training phase switched to: robot_avoidance
2025-03-31 22:07:41, INFO: Training phase switched to: robot_avoidance
2025-03-31 22:07:41, INFO: Training phase switched to: robot_avoidance
2025-03-31 22:07:41, INFO: All humans have reached their goals at time 9.75
2025-03-31 22:07:41, INFO: TRAIN in episode 47 has success rate: 0.00, collision rate: 1.00, nav time: 35.00, total reward: -20.9818
2025-03-31 22:11:47, INFO: Training phase switched to: robot_avoidance
2025-03-31 22:11:47, INFO: Training phase switched to: robot_avoidance
2025-03-31 22:11:47, INFO: Training phase switched to: robot_avoidance
2025-03-31 22:11:47, INFO: Training phase switched to: robot_avoidance
2025-03-31 22:11:47, INFO: Training phase switched to: robot_avoidance
2025-03-31 22:11:47, INFO: Training phase switched to: robot_avoidance
2025-03-31 22:11:47, INFO: Training phase switched to: robot_avoidance
2025-03-31 22:11:47, INFO: Training phase switched to: robot_avoidance
2025-03-31 22:11:47, INFO: All humans have reached their goals at time 10.00
2025-03-31 22:11:48, INFO: TRAIN in episode 48 has success rate: 0.00, collision rate: 1.00, nav time: 35.00, total reward: -24.6787
